<?xml version="1.0" encoding="UTF-8"?>
<!-- Generated by org.testng.reporters.JUnitXMLReporter -->
<testsuite ignored="0" hostname="LAPTOP-8VEDJ0LP" failures="0" tests="3" name="Default test" time="6.245" errors="0" timestamp="2025-01-02T13:20:15 IST">
  <testcase classname="api.test.UserTests" name="testpostUser" time="3.342"/>
  <testcase classname="api.test.UserTests" name="testGetUserByName" time="1.337"/>
  <testcase classname="api.test.UserTests" name="testUpdateUserByName" time="1.291"/>
</testsuite> <!-- Default test -->
