<?xml version="1.0" encoding="UTF-8"?>
<!-- Generated by org.testng.reporters.JUnitXMLReporter -->
<testsuite ignored="0" hostname="LAPTOP-8VEDJ0LP" failures="2" tests="15" name="Test" time="26.63" errors="0" timestamp="2025-01-02T16:55:00 IST">
  <testcase classname="api.test.UserTests" name="testpostUser" time="4.957"/>
  <testcase classname="api.test.UserTests" name="testGetUserByName" time="1.416"/>
  <testcase classname="api.test.UserTests" name="testUpdateUserByName" time="1.353"/>
  <testcase classname="api.test.DDTests" name="testpostUser" time="1.307"/>
  <testcase classname="api.test.DDTests" name="testpostUser" time="1.333"/>
  <testcase classname="api.test.DDTests" name="testpostUser" time="1.347"/>
  <testcase classname="api.test.DDTests" name="testpostUser" time="1.357"/>
  <testcase classname="api.test.DDTests" name="testpostUser" time="1.337"/>
  <testcase classname="api.test.DDTests" name="testpostUser" time="0.013">
    <failure type="java.lang.NumberFormatException" message="Cannot parse null string">
      <![CDATA[java.lang.NumberFormatException: Cannot parse null string
at java.base/java.lang.Integer.parseInt(Integer.java:624)
at java.base/java.lang.Integer.parseInt(Integer.java:778)
at api.test.DDTests.testpostUser(DDTests.java:19)
at java.base/java.util.ArrayList.forEach(ArrayList.java:1596)
... Removed 25 stack frames]]>
    </failure>
  </testcase> <!-- testpostUser -->
  <testcase classname="api.test.DDTests" name="testdeleteUser" time="1.315"/>
  <testcase classname="api.test.DDTests" name="testdeleteUser" time="1.301"/>
  <testcase classname="api.test.DDTests" name="testdeleteUser" time="1.293"/>
  <testcase classname="api.test.DDTests" name="testdeleteUser" time="1.312"/>
  <testcase classname="api.test.DDTests" name="testdeleteUser" time="1.31"/>
  <testcase classname="api.test.DDTests" name="testdeleteUser" time="0.018">
    <failure type="java.lang.IllegalArgumentException" message="parameterValue cannot be null">
      <![CDATA[java.lang.IllegalArgumentException: parameterValue cannot be null
at org.codehaus.groovy.runtime.callsite.ConstructorSite$ConstructorSiteNoUnwrap.callConstructor(ConstructorSite.java:86)
at org.codehaus.groovy.runtime.callsite.CallSiteArray.defaultCallConstructor(CallSiteArray.java:57)
at org.codehaus.groovy.runtime.callsite.AbstractCallSite.callConstructor(AbstractCallSite.java:263)
at org.codehaus.groovy.runtime.callsite.AbstractCallSite.callConstructor(AbstractCallSite.java:277)
at io.restassured.internal.common.assertion.AssertParameter.notNull(AssertParameter.groovy:26)
at io.restassured.internal.common.assertion.AssertParameter$notNull.callStatic(Unknown Source)
at org.codehaus.groovy.runtime.callsite.CallSiteArray.defaultCallStatic(CallSiteArray.java:53)
at io.restassured.internal.common.assertion.AssertParameter$notNull.callStatic(Unknown Source)
at io.restassured.internal.RequestSpecificationImpl.pathParam(RequestSpecificationImpl.groovy:515)
at api.endpoints.Userendpoints.deleteUser(Userendpoints.java:41)
at api.test.DDTests.testdeleteUser(DDTests.java:33)
at java.base/java.util.ArrayList.forEach(ArrayList.java:1596)
... Removed 30 stack frames]]>
    </failure>
  </testcase> <!-- testdeleteUser -->
</testsuite> <!-- Test -->
