<?xml version="1.0" encoding="UTF-8"?>
<testng-results ignored="0" total="3" passed="3" failed="0" skipped="0">
  <reporter-output>
  </reporter-output>
  <suite started-at="2025-01-02T13:20:09 IST" name="Default suite" finished-at="2025-01-02T13:20:15 IST" duration-ms="6245">
    <groups>
    </groups>
    <test started-at="2025-01-02T13:20:09 IST" name="Default test" finished-at="2025-01-02T13:20:15 IST" duration-ms="6245">
      <class name="api.test.UserTests">
        <test-method is-config="true" signature="setupData()[pri:0, instance:api.test.UserTests@22555ebf]" started-at="2025-01-02T13:20:09 IST" name="setupData" finished-at="2025-01-02T13:20:09 IST" duration-ms="212" status="PASS">
          <reporter-output>
          </reporter-output>
        </test-method> <!-- setupData -->
        <test-method signature="testpostUser()[pri:1, instance:api.test.UserTests@22555ebf]" started-at="2025-01-02T13:20:09 IST" name="testpostUser" finished-at="2025-01-02T13:20:12 IST" duration-ms="3342" status="PASS">
          <reporter-output>
          </reporter-output>
        </test-method> <!-- testpostUser -->
        <test-method signature="testGetUserByName()[pri:2, instance:api.test.UserTests@22555ebf]" started-at="2025-01-02T13:20:13 IST" name="testGetUserByName" finished-at="2025-01-02T13:20:14 IST" duration-ms="1337" status="PASS">
          <reporter-output>
          </reporter-output>
        </test-method> <!-- testGetUserByName -->
        <test-method signature="testUpdateUserByName()[pri:3, instance:api.test.UserTests@22555ebf]" started-at="2025-01-02T13:20:14 IST" name="testUpdateUserByName" finished-at="2025-01-02T13:20:15 IST" duration-ms="1291" status="PASS">
          <reporter-output>
          </reporter-output>
        </test-method> <!-- testUpdateUserByName -->
      </class> <!-- api.test.UserTests -->
    </test> <!-- Default test -->
  </suite> <!-- Default suite -->
</testng-results>
